<p>Unable to build C++ file with PostgreSQL in CLion 1.2 EAP.</p>  <p>CMake file:</p>  <pre><code>cmake_minimum_required(VERSION 3.3) project(PostgreSQLTest)  find_package(PostgreSQL REQUIRED) set(PostgreSQL_INCLUDE_DIRS, "C:\\Program Files\\PostgreSQL\\9.4\\include") include_directories (${PostgreSQL_INCLUDE_DIRS})  set(SOURCES main.cpp) add_executable(PostgreSQLTest ${SOURCES}) set(PostgreSQL_LIBRARIES, "C:\\Program Files\\PostgreSQL\\9.4\\lib") target_link_libraries(PostgreSQLTest ${PostgreSQL_LIBRARIES})  set(CMAKE_CXX_FLAGS "${CMAKE_CXX_FLAGS} -std=c++11")  set(SOURCE_FILES     CMakeLists.txt     main.cpp) </code></pre>  <p>Build messages:</p>  <pre><code>"C:\Program Files (x86)\JetBrains\CLion 142.4859.12\bin\cmake\bin\cmake.exe" --build C:\Users\darin\.CLion12\system\cmake\generated\f846c544\f846c544\Debug --target PostgreSQLTest -- -j 8 -- Configuring done -- Generating done -- Build files have been written to: C:/Users/darin/.CLion12/system/cmake/generated/f846c544/f846c544/Debug [ 50%] Linking CXX executable PostgreSQLTest.exe c:/mingw/bin/../lib/gcc/mingw32/4.8.1/../../../../mingw32/bin/ld.exe: cannot find -llibpq collect2.exe: error: ld returned 1 exit status mingw32-make.exe[3]: *** [PostgreSQLTest.exe] Error 1 CMakeFiles\PostgreSQLTest.dir\build.make:96: recipe for target 'PostgreSQLTest.exe' failed mingw32-make.exe[2]: *** [CMakeFiles/PostgreSQLTest.dir/all] Error 2 CMakeFiles\Makefile2:66: recipe for target 'CMakeFiles/PostgreSQLTest.dir/all' failed CMakeFiles\Makefile2:78: recipe for target 'CMakeFiles/PostgreSQLTest.dir/rule' failed Makefile:117: recipe for target 'PostgreSQLTest' failed mingw32-make.exe[1]: *** [CMakeFiles/PostgreSQLTest.dir/rule] Error 2 mingw32-make.exe: *** [PostgreSQLTest] Error 2 </code></pre>  <p>Does anyone have experience with this build?</p>  <p><strong>EDIT AFTER APPLYING CHANGES FROM COMMENT 2015-09-21</strong></p>  <pre><code>cmake_minimum_required(VERSION 3.3) project(PostgreSQLTest)  set(PostgreSQL_ROOT, "C:\\Program Files\\PostgreSQL\\9.4") find_package(PostgreSQL REQUIRED)  set(SOURCES main.cpp) add_executable(PostgreSQLTest ${SOURCES})  set(CMAKE_CXX_FLAGS "${CMAKE_CXX_FLAGS} -std=c++11")  set(SOURCE_FILES     CMakeLists.txt     main.cpp) </code></pre>  <p>Errors:</p>  <pre><code>"C:\Program Files (x86)\JetBrains\CLion 142.4859.12\bin\cmake\bin\cmake.exe" --build C:\Users\darin\.CLion12\system\cmake\generated\f846c544\f846c544\Debug --target PostgreSQLTest -- -j 8 [ 50%] Building CXX object CMakeFiles/PostgreSQLTest.dir/main.cpp.obj C:\Users\darin\ClionProjects\PostgreSQLTest\main.cpp:2:22: fatal error: libpq-fe.h: No such file or directory #include "libpq-fe.h"                    ^ compilation terminated. mingw32-make.exe[3]: *** [CMakeFiles/PostgreSQLTest.dir/main.cpp.obj] Error 1 CMakeFiles\PostgreSQLTest.dir\build.make:61: recipe for target 'CMakeFiles/PostgreSQLTest.dir/main.cpp.obj' failed CMakeFiles\Makefile2:66: recipe for target 'CMakeFiles/PostgreSQLTest.dir/all' failed mingw32-make.exe[2]: *** [CMakeFiles/PostgreSQLTest.dir/all] Error 2 CMakeFiles\Makefile2:78: recipe for target 'CMakeFiles/PostgreSQLTest.dir/rule' failed mingw32-make.exe[1]: *** [CMakeFiles/PostgreSQLTest.dir/rule] Error 2 Makefile:117: recipe for target 'PostgreSQLTest' failed mingw32-make.exe: *** [PostgreSQLTest] Error 2 </code></pre>  <p>I have confirmed that libpq-fh.h does exist in C:\Program Files\PostgreSQL\9.4\include, so there must still be something incorrect in my Cmake file that's preventing the building.</p>  <p>Am I missing a target_link_libraries() that's required to build?</p>  <p><strong>EDIT 2 AFTER APPLYING RECOMMENDED CHANGES</strong></p>  <pre><code>cmake_minimum_required(VERSION 3.3)  set(CMAKE_CXX_FLAGS "${CMAKE_CXX_FLAGS} -std=c++11")  project(PostgreSQLTest)  set(PostgreSQL_ROOT "C:\\Program Files\\PostgreSQL\\9.4") find_package(PostgreSQL REQUIRED)  set(SOURCES main.cpp) add_executable(PostgreSQLTest ${SOURCES})  set(PostgreSQL_LIBRARIES "C:\\Program Files\\PostgreSQL\\9.4\\lib") target_link_libraries(PostgreSQLTest ${PostgreSQL_LIBRARIES})   set(SOURCE_FILES     CMakeLists.txt     main.cpp) </code></pre>  <p>ERRORS:</p>  <pre><code>"C:\Program Files (x86)\JetBrains\CLion 142.4859.12\bin\cmake\bin\cmake.exe" --build C:\Users\darin\.CLion12\system\cmake\generated\f846c544\f846c544\Debug --target all -- -j 8 [ 50%] Building CXX object CMakeFiles/PostgreSQLTest.dir/main.cpp.obj C:\Users\darin\ClionProjects\PostgreSQLTest\main.cpp:2:22: fatal error: libpq-fe.h: No such file or directory #include "libpq-fe.h"                      ^ compilation terminated. mingw32-make.exe[2]: *** [CMakeFiles/PostgreSQLTest.dir/main.cpp.obj] Error 1 mingw32-make.exe[1]: *** [CMakeFiles/PostgreSQLTest.dir/all] Error 2 mingw32-make.exe: *** [all] Error 2 CMakeFiles\PostgreSQLTest.dir\build.make:61: recipe for target 'CMakeFiles/PostgreSQLTest.dir/main.cpp.obj' failed CMakeFiles\Makefile2:66: recipe for target 'CMakeFiles/PostgreSQLTest.dir/all' failed Makefile:82: recipe for target 'all' failed </code></pre>  <p>I made the recommended changes, tried several different orders for the compilation, and it's still failing.</p>  <p>Any ideas?</p>