<p>We have a structure where Feature files are present in one Project and step definitions in other Projects. These projects are linked using App.config file shown below.</p>  <pre><code>&lt;specFlow&gt;     &lt;stepAssemblies&gt;       &lt;stepAssembly assembly=""/&gt;     &lt;/stepAssemblies&gt; &lt;/specFlow&gt; </code></pre>  <p>Now we want to use Coded UI along with this. Already written GeeratorProvider and Runtime loader for Custom Plug-in from this <a href="http://blog.majcica.com/2015/05/07/getting-started-with-specflow-and-codedui/" rel="nofollow">link</a></p>  <p>To run Coded UI, changed App.config as below.</p>  <pre><code>&lt;unitTestProvider name="MsTest"/&gt;     &lt;plugins&gt;       &lt;add name="SpecFlowCustomPlugin" path="C:\Work Related\SFWithCustomPlugIn\SFWithCustomPlugIn\Dependencies" type="Generator" /&gt;     &lt;/plugins&gt;     &lt;generator path="..\..\Dependencies"/&gt; </code></pre>  <p>When Try to run test, getting following exception.</p>  <pre><code>    Result Message:  Class Initialization method threw exception. System.IO.FileNotFoundException: System.IO.FileNotFoundException: Could not load file or assembly '' or one of its dependencies. The system cannot find the file specified.=== Pre-bind state information ===  Result StackTrace:   at System.Reflection.RuntimeAssembly._nLoad(AssemblyName fileName, String codeBase, Evidence assemblySecurity, RuntimeAssembly locationHint, StackCrawlMark&amp; stackMark, IntPtr pPrivHostBinder, Boolean throwOnFileNotFound, Boolean forIntrospection, Boolean suppressSecurityChecks)    at System.Reflection.RuntimeAssembly.nLoad(AssemblyName fileName, String codeBase, Evidence assemblySecurity, RuntimeAssembly locationHint, StackCrawlMark&amp; stackMark, IntPtr pPrivHostBinder, Boolean throwOnFileNotFound, Boolean forIntrospection, Boolean suppressSecurityChecks)    at System.Reflection.RuntimeAssembly.InternalLoadAssemblyName(AssemblyName assemblyRef, Evidence assemblySecurity, RuntimeAssembly reqAssembly, StackCrawlMark&amp; stackMark, IntPtr pPrivHostBinder, Boolean throwOnFileNotFound, Boolean forIntrospection, Boolean suppressSecurityChecks)    at System.Reflection.RuntimeAssembly.InternalLoad(String assemblyString, Evidence assemblySecurity, StackCrawlMark&amp; stackMark, IntPtr pPrivHostBinder, Boolean forIntrospection)    at System.Reflection.RuntimeAssembly.InternalLoad(String assemblyString, Evidence assemblySecurity, StackCrawlMark&amp; stackMark, Boolean forIntrospection)    at System.Reflection.Assembly.Load(String assemblyString)    at TechTalk.SpecFlow.Infrastructure.BindingAssemblyLoader.Load(String assemblyName)    at System.Linq.Enumerable.WhereSelectListIterator`2.MoveNext()    at System.Collections.Generic.List`1.InsertRange(Int32 index, IEnumerable`1 collection)    at System.Collections.Generic.List`1.AddRange(IEnumerable`1 collection)    at TechTalk.SpecFlow.Infrastructure.TestRunnerFactory.Create(Assembly testAssembly)    at TechTalk.SpecFlow.TestRunnerManager.CreateTestRunner(TestRunnerKey key)    at TechTalk.SpecFlow.TestRunnerManager.GetTestRunner(TestRunnerKey key)    at TechTalk.SpecFlow.TestRunnerManager.GetTestRunner(Assembly testAssembly, Boolean async)    at TechTalk.SpecFlow.TestRunnerManager.GetTestRunner() </code></pre>  <p>If StepAssembly part from App.config is removed and step definition is added in same project then works properly.</p>  <p>Thanks in Advance.</p>