<p>I have set up my VS 2013 environment to integrate with TFS in Visual Studio Online. I have configured a CI build to run and then run all my tests (nUnit framework) upon completion. However when the tests complete and I see the output it only says whether each test passed or failed, not the details of the assert statements I call in code, ie what error actually happened.</p>  <p>So it will say</p>  <p>GetPosMenus failed</p>  <p>But if I run the test locally in VS2013 I see the full error</p>  <pre><code>GetPosMenus failed  Initialization method Data.Test.PosMenuDataRepositoryTests.LoadData threw exception. System.ArgumentOutOfRangeException: System.ArgumentOutOfRangeException: Index was out of range. Must be non-negative and less than the size of the collection.  Parameter name: index.     at System.ThrowHelper.ThrowArgumentOutOfRangeException()    at System.Collections.Generic.List`1.get_Item(Int32 index)    at Testing.Shared.DataPopulation.Pos.PosMenuDataPopulator.LoadPosMenusIntoDatabase(IUnitOfWork work, IList`1 data, IList`1 venues) in PosMenuDataPopulator.cs: line 48    at5 Data.Test.PosMenuDataRepositoryTests.LoadData() in PosMenuDataRepositoryTests.cs: line 50 </code></pre>  <p>How can I configure the online build engine to give me the full output?</p>