<p>I want to test my AngularJS and TypeScript based application with Karma and Jasmine. </p>  <p>My edited <code>controllerSpecs.ts</code>:</p>  <pre><code>/// &lt;reference path="../references.ts" /&gt;  describe('ConfigCtrl', () =&gt; { var configCtrl, scope;  beforeEach(angular.mock.module('typewritingApp'));  beforeEach(angular.mock.inject(($rootScope) =&gt; {     scope = $rootScope.$new();     configCtrl = new App.TestCtrl(scope); }));  it('should be true', () =&gt; {     expect(true).toBe(true); }); }); </code></pre>  <p>My <code>app.ts</code>:</p>  <pre><code>module App { import TypewritingCtrl = App.TypewritingCtrl; import MenuCtrl = App.MenuCtrl; var typescrip: ng.IModule; var typewritingapp: ng.IModule = angular.module("typewritingApp", ["ngRoute", "ui.bootstrap", "LocalStorageModule", "ui.event", "timer"])     .controller("TestCtrl", ["$scope", TestCtrl])  } </code></pre>  <p>My <code>TestController.ts</code>:</p>  <pre><code>/// &lt;reference path="../references.ts" /&gt; module App { export class TestCtrl {     constructor($scope: ng.IRootScopeService) {      } } } </code></pre>  <p>And the error what karma writes me when I'm trying to run the test:</p>  <pre><code>Firefox 41.0.0 (Windows 10 0.0.0): Executed 1 of 1 (1 FAILED) ERROR (0.089 secs / 0.119 secs) 29 09 2015 14:58:55.573:INFO [watcher]: Changed file "PROJECT_PATH/Specs/controllerSpecs.js". Firefox 41.0.0 (Windows 10 0.0.0) ConfigCtrl should be true FAILED     minErr/&lt;@PROJECT_PATH/Scripts/angular.js:68:12     loadModules/&lt;@PROJECT_PATH/Scripts/angular.js:4411:15     forEach@PROJECT_PATH/Scripts/angular.js:336:11     loadModules@PROJECT_PATH/Scripts/angular.js:4372:5     createInjector@PROJECT_PATH/Scripts/angular.js:4297:11     workFn@PROJECT_PATH/Scripts/angular-mocks.js:2427:44     env.executeFiltered@PROJECT_PATH/Specs/node_modules/karma-jasmine/lib/boot.js:117:7     createStartFn/&lt;@PROJECT_PATH/Specs/node_modules/karma-jasmine/lib/adapter.js:171:5     [2]&lt;/Karma/this.loaded@http://localhost:9876/karma.js:190:7     @http://localhost:9876/context.html:52:5  Firefox 41.0.0 (Windows 10 0.0.0): Executed 1 of 1 (1 FAILED) ERROR (0.255 secs / 0.103 secs) </code></pre>  <p>If I remove the inject part from my code it runs successfully and the test passes. Can anyone help me what did I do incorrectly?</p>