<p>When I run python <code>pip</code> on a new brand Ubuntu 15.04 system with all updates installed, I get the following assertion error. This is with Python 2.7.x. I get a very similar result with Python 3.4.x:</p>  <pre><code>  âžœ  pip list   adium-theme-ubuntu (0.3.4)   &lt;...snip...&gt;   pyOpenSSL (0.13.1)   pyserial (2.6)   Exception:   Traceback (most recent call last):     File "/usr/lib/python2.7/dist-packages/pip/basecommand.py", line 122, in main       status = self.run(options, args)     File "/usr/lib/python2.7/dist-packages/pip/commands/list.py", line 80, in run       self.run_listing(options)     File "/usr/lib/python2.7/dist-packages/pip/commands/list.py", line 142, in run_listing       self.output_package_listing(installed_packages)     File "/usr/lib/python2.7/dist-packages/pip/commands/list.py", line 151, in output_package_listing       if dist_is_editable(dist):     File "/usr/lib/python2.7/dist-packages/pip/util.py", line 367, in dist_is_editable       req = FrozenRequirement.from_dist(dist, [])     File "/usr/lib/python2.7/dist-packages/pip/__init__.py", line 299, in from_dist       assert len(specs) == 1 and specs[0][0] == '=='   AssertionError </code></pre>