Positive 359 pSo I have my table shown belowp  precodeCREATE TABLE [dbo].[Test]      [Id] INT NOT NULL,     [CommaSeperatedString] nvarcharMax NOT NULL,      CONSTRAINT [PKTest] PRIMARY KEY [Id]   codepre  pand I would like to lock down this table so that it can only be updated through triggers.p  pI.e. I dont want a user to be able to runp  blockquote   ul   liInsert li   liUpdate li   liDeleteli   ul blockquote  pAgainst this table. It may only be updated through a some triggers I have set up.p  pIs this possiblep
Positive 359 pIm working on customizing Horizon. My goal is to, not only limit access to certain aspects of the dashboard, but also remove these components from the dashboard depending on the user role. So Im not sure if this is even the right direction to be heading.p  pIm trying to understand where it defines permissions, for example on some given Horizon component I can addp  pcodepermissions  listgetattrinstancespanel, permissions, [] permissions.appendopenstack.roles.admin instancespanel.permissions  tuplepermissionscodep  pMy question is where are these roles defined I assume in keystone, and how, if possible, can I reference custom roles for examplep  pcodepermissions.appendkeystone.roles.mycustomrolecodep
Positive 359 pIm trying to share a folder. I tried all sorts of codes from the Internet and nothing works . Here is an example of code that looks reliable , but it is not working . Am I missing something p  precodeNTAccount ntAccount  new NTAccountEveryone          SecurityIdentifier oGrpSID  SecurityIdentifierntAccount.TranslatetypeofSecurityIdentifier         byte[] utenteSIDArray  new byte[oGrpSID.BinaryLength]         oGrpSID.GetBinaryFormutenteSIDArray, 0           ManagementObject oGrpTrustee  new ManagementClassnew ManagementPathWin32Trustee, null         oGrpTrustee[Name]  Everyone         oGrpTrustee[SID]  utenteSIDArray            ManagementObject oGrpACE  new ManagementClassnew ManagementPathWin32Ace, null         oGrpACE[AccessMask]  2032127Full access         oGrpACE[AceFlags]  AceFlags.ObjectInherit  AceFlags.ContainerInherit propagate the AccessMask to the subfolders         oGrpACE[AceType]  AceType.AccessAllowed         oGrpACE[Trustee]  oGrpTrustee           ManagementObject oGrpSecurityDescriptor  new ManagementClassnew ManagementPathWin32SecurityDescriptor, null         oGrpSecurityDescriptor[ControlFlags]  4 SEDACLPRESENT         oGrpSecurityDescriptor[DACL]  new object[]  oGrpACE           string FolderPath dmyfolder         string ShareName Test Share         string Description This save output         ManagementClass mc  new ManagementClasswin32share         ManagementBaseObject inParams  mc.GetMethodParametersCreate         inParams[Description]  Description         inParams[Name]  ShareName         inParams[Path]  FolderPath         inParams[Type]  0x0 Disk Drive         inParams[MaximumAllowed]  null         inParams[Password]  null         inParams[Access]  oGrpSecurityDescriptor         ManagementBaseObject outParams  mc.InvokeMethodCreate, inParams, null codepre  pThanks for help.p
Positive 359 pIve created a function which is suppose to handle the permission with location, so that the app will close if it does not have permission to location. However when you press open settings and press back to app in the status bar the codedetermeinePermissioncode method is not being executed again. Ive tried to add it to codeviewDidLoadcode, codeviewDidAppearcode and codeviewWillAppearcode. what can I dop  precodefunc determinePermission      switch CLLocationManager.authorizationStatus       case .Authorized         if CLLocationManager.locationServicesEnabled              manager.delegate  self             manager.desiredAccuracy  kCLLocationAccuracyNearestTenMeters             manager.startUpdatingLocation                case .NotDetermined         manager.requestWhenInUseAuthorization     case .AuthorizedWhenInUse, .Restricted, .Denied         let alertController  UIAlertController             title Background Location Access Disabled,             message In order to be notified about adorable kittens near you, please open this apps settings and set location access to Always.,             preferredStyle .Alert          let cancelAction  UIAlertActiontitle Cancel, style .Cancel  action in             exit0                  alertController.addActioncancelAction          let openAction  UIAlertActiontitle Open Settings, style .Default  action in             if let url  NSURLstringUIApplicationOpenSettingsURLString                  UIApplication.sharedApplication.openURLurl                               alertController.addActionopenAction          self.presentViewControlleralertController, animated true, completion nil       codepre
Positive 359 pIm getting em403 forbiddenem error when Im accessing my homepage but when I turn my internet off and on the page loads. I have reset permission from my CPanel, but the problem persists. How can I stop this errorp  pIm using codeJoomla 2.5.28code.p
Positive 359 pI am trying to run a script which creates pages and saves them to the server  but am getting a permission error on one of the files that is in the publichtml directory.p  pSo 2 pages are created in the pages directory which is chmod to 0777 and they are created fine. The 3rd page is created in the publichtml directory which fails with you do not have permission. The only way i have found to fix this is to chmod the publichtml directory to 0770 which then everything works but i have been strongly advised by the hosting company not to do this bevause of the security risk.p  pSo my question is, Is there any otherway to achieve this goal Looking into it a bit it looks like i need to give the script user priviliges might work but this is beyond my knowledge at the moment. Im not even sure what the script is running as at the moment, I would guess group as chmoding the publichtml to 0770 allows groupp  pMy setup is vps server running centos CENTOS 6.7 x8664p  pphp 5, dso, Apache suEXEC onp  psimplified Code i am using isp  precodepagepath  homeusernamepublichtml loop[HtmlName]  test.html newpagefile  test.html   fp  fopenpagepath.loop[HtmlName], w  fwritefp, newpagefile  fclosefp  chmodpagepath.loop[HtmlName], 0666 codepre  pMany thanks in advance.p
Positive 359 pTo give a simple example we have an Invoice with an Amount field.  The originatorcreator of the invoice can view and update the Amount field.  The recipient of the Invoice can view, but not update the Amount field. p  pA user could be the originator of Invoice A and the recipient of Invoice B.  This seems to rule out the use of Role or Claims based authorization as these are set at the time the JWT token is obtained.p  pIs there field based permissionsecurity built into ASPNET Identity and I am missing it or am I correct in that I am rolling my ownp
Positive 359 pI have this code where I am reading from a file and writing to another one the stuff that I read. For some reason I am constantly getting permission errors, but only when I create a new file and try to write if I remove the block that reads and writes, it creates the file just fine and with the correct permissions. Once I try to write, however, the permissions on the created file look like this coderwSrSrcodep  precode if dstfd  opendstpath, ORDWR  OCREAT lt 0        closesrcfd        exit1    while n  readsrcfd, buf, BUFSIZE gt 0       if writedstfd, buf, n lt 0           exit1          codepre  pWhy is this happening I cant seem to find what I changed that made this start happening but I dont think Im really doing anything that bad.p
Positive 359 pI wonder how some Android applications access thirdparty permission. For instance this app a hrefhttpsplay.google.comstoreappsdetailsidcom.mobileiron.anyware.android relnofollowMobileIron Goa ask for the following permissions p  precodeandroid.permission.ACCESSFINELOCATION android.permission.ACCESSNETWORKSTATE android.permission.ACCESSWIFISTATE android.permission.BLUETOOTH android.permission.BLUETOOTHADMIN android.permission.CHANGEWIFISTATE android.permission.GETTASKS android.permission.INTERNET android.permission.READLOGS android.permission.READPHONESTATE android.permission.RECEIVEBOOTCOMPLETED android.permission.WAKELOCK android.permission.WRITEEXTERNALSTORAGE android.permission.WRITESETTINGS com.android.launcher.permission.INSTALLSHORTCUT com.cisco.anyconnect.vpn.android.MODIFYVPN android.permission.READEXTERNALSTORAGE codepre  pI have problems, from the android apps sandbox point of view, in understanding how this app is granted with com.cisco.anyconnect.vpn.android.MODIFYVPN permission. Does it require to install com.cisco.anyconnect.vpn.android app for proper workingfunctionality of a hrefhttpsplay.google.comstoreappsdetailsidcom.mobileiron.anyware.android relnofollowMobileIron Goa I want to understand how an android app ask for permissions other than official permissions. Any pointer of some explanation would be highly appreciated. p
Positive 359 pI wanted to update my app but after uploading I noticed that there were additional permissions which I dont mention in my manifestp  precodeandroid.permission.ACCESSNETWORKSTATE android.permission.GETACCOUNTS android.permission.INTERNET android.permission.READEXTERNALSTORAGE android.permission.USECREDENTIALS android.permission.WRITEEXTERNALSTORAGE com.google.android.c2dm.permission.RECEIVE codepre  pMy manifest looks like thisp  precodeltmanifest xmlnsandroidhttpschemas.android.comapkresandroid packagecom.stepscience.yahtzee gt  ltusespermission androidnameandroid.permission.INTERNET gt ltusespermission androidnameandroid.permission.ACCESSNETWORKSTATE gt  ltapplication     androidallowBackuptrue     androidiconmipmapiclauncher     androidlabelstringappname     androidthemestyleTheme.App gt     ltmetadata         androidnamecom.google.android.gms.games.APPID         androidvaluestringappid gt      ltactivity         androidname.StartActivity         androidlabelstringappname         androidscreenOrientationportrait gt         ltintentfiltergt             ltaction androidnameandroid.intent.action.MAIN gt              ltcategory androidnameandroid.intent.category.LAUNCHER gt         ltintentfiltergt     ltactivitygt      ltmetadata         androidnamecom.google.android.gms.version         androidvalueintegergoogleplayservicesversion gt     ltactivity         androidnamecom.google.android.gms.ads.AdActivity         androidconfigChangeskeyboardkeyboardHiddenorientationscreenLayoutuiModescreenSizesmallestScreenSize         androidthemeandroidstyleTheme.Translucent gt   ltapplicationgt codepre  pp  pI only use the permissions for Internet and Network access. Where do the other permissions come from In the app I use also some google play services like multiplayer and leaderboards. The only changes that I made to the version before were some version updates gradle,playservices,appcompat and some xml modifications.p
Negative 359 pI tried easy install and pip to install numpy on an EC2 micro instance. Didnt work.  Kindly help. This is the end result I get  p  pRuntimeError Broken toolchain cannot link a simple C programp  pI tried virtualenv too, same story. What am I doing wrong p
Negative 359 pIm need some help tracking down the compile errors that strongthrustfillstrong is giving me.p  pThere is nothing wrong with the codep  precodeline 9   include ltthrustdevicevector.hgt                 needed for other thrust stuff line 10  include ltthrustfill.hgt                         not needed same err w or wo . . line 389 thrustdevicevectorltintgt junk20            any ol array line 390 thrustfilljunk.begin, junk.end, int0  the problem line codepre  pIt will compile fine if I comment out the fill line. Any rawpointer, devicevector,.. thruststrongfillstrong command that I use will generate this error.  Other THRUST cmds compile fine. The error is a few pages long.  I am not sure what the error is.  foreach is mentioned a lot.  The last one with computecapability makes no sense, as it is not in any of my code.  I tried adding a bunch of include  files, but it didnt help any.p  pAny ideas would be appreciated.p  precodeIn file included from usrlocalcudaincludethrustdetailbackendcudaforeach.h540,                  from usrlocalcudaincludethrustdetailbackendforeach.inl23,                  from usrlocalcudaincludethrustdetailbackendforeach.h55,                  from usrlocalcudaincludethrustdetailforeach.inl22,                  from usrlocalcudaincludethrustforeach.h91,                  from usrlocalcudaincludethrustdetailswapranges.inl25,                  from usrlocalcudaincludethrustdetailswap.inl33,                  from usrlocalcudaincludethrustswap.h127,                  from usrlocalcudaincludethrustdetailcontiguousstorage.inl20,                  from usrlocalcudaincludethrustdetailcontiguousstorage.h92,                  from usrlocalcudaincludethrustdetailuninitializedarray.h26,                  from usrlocalcudaincludethrustdetailbackendcudacopycrossspace.inl20,                  from usrlocalcudaincludethrustdetailbackendcudacopycrossspace.h57,                  from usrlocalcudaincludethrustdetailbackendcudadispatchcopy.h23,                  from usrlocalcudaincludethrustdetailbackendcudacopy.h21,                  from usrlocalcudaincludethrustdetailbackenddispatchcopy.h24,                  from usrlocalcudaincludethrustdetailbackendcopy.inl20,                  from usrlocalcudaincludethrustdetailbackendcopy.h44,                  from usrlocalcudaincludethrustdetailcopy.inl20,                  from usrlocalcudaincludethrustdetailcopy.h39,                  from usrlocalcudaincludethrustdetailreferencebase.inl18,                  from usrlocalcudaincludethrustdetailreferencebase.h138,                  from usrlocalcudaincludethrustdevicereference.h27,                  from usrlocalcudaincludethrustdetaildeviceptr.inl23,                  from usrlocalcudaincludethrustdeviceptr.h181,                  from usrlocalcudaincludethrustdevicemallocallocator.h25,                  from usrlocalcudaincludethrustdevicevector.h25,                  from homerrobworkspacedicolklmsrcMap.cpp9 usrlocalcudaincludethrustdetailbackendcudaforeach.inl In function RandomAccessIterator thrustdetailbackendcudaforeachnRandomAccessIterator, Size, UnaryFunction [with RandomAccessIterator  thrustdetailnormaliteratorltthrustdeviceptrltintgt gt, Size  long int, UnaryFunction  thrustdetaildevicegeneratefunctorltthrustdetailfillfunctorltintgt gt] usrlocalcudaincludethrustdetailbackendforeach.inl5663   instantiated from OutputIterator thrustdetailbackenddispatchforeachnOutputIterator, Size, UnaryFunction, thrustdetailcudadevicespacetag [with OutputIterator  thrustdetailnormaliteratorltthrustdeviceptrltintgt gt, Size  long int, UnaryFunction  thrustdetaildevicegeneratefunctorltthrustdetailfillfunctorltintgt gt] usrlocalcudaincludethrustdetailbackendforeach.inl12662   instantiated from OutputIterator thrustdetailbackendforeachnOutputIterator, Size, UnaryFunction [with OutputIterator  thrustdetailnormaliteratorltthrustdeviceptrltintgt gt, Size  long int, UnaryFunction  thrustdetaildevicegeneratefunctorltthrustdetailfillfunctorltintgt gt] usrlocalcudaincludethrustdetailforeach.inl3957   instantiated from OutputIterator thrustdetailforeachnOutputIterator, Size, UnaryFunction [with OutputIterator  thrustdetailnormaliteratorltthrustdeviceptrltintgt gt, Size  long int, UnaryFunction  thrustdetaildevicegeneratefunctorltthrustdetailfillfunctorltintgt gt] usrlocalcudaincludethrustdetailgenerate.inl51100   instantiated from OutputIterator thrustgeneratenOutputIterator, Size, Generator [with OutputIterator  thrustdetailnormaliteratorltthrustdeviceptrltintgt gt, Size  long int, Generator  thrustdetailfillfunctorltintgt] usrlocalcudaincludethrustdetailbackendcudafill.inl9343   instantiated from OutputIterator thrustdetailbackendcudadetailfillnOutputIterator, Size, const Tamp, thrustdetailfalsetype [with OutputIterator  thrustdetailnormaliteratorltthrustdeviceptrltintgt gt, Size  long int, T  int, thrustdetailfalsetype  thrustdetailintegralconstantltbool, falsegt] usrlocalcudaincludethrustdetailbackendcudafill.inl12364   [ skipping 3 instantiation contexts ] usrlocalcudaincludethrustdetailbackendfill.inl9360   instantiated from OutputIterator thrustdetailbackendfillnOutputIterator, Size, const Tamp [with OutputIterator  thrustdetailnormaliteratorltthrustdeviceptrltintgt gt, Size  long int, T  int] usrlocalcudaincludethrustdetailbackendgenericfill.h513   instantiated from void thrustdetailbackendgenericfillForwardIterator, ForwardIterator, const Tamp [with ForwardIterator  thrustdetailnormaliteratorltthrustdeviceptrltintgt gt, T  int] usrlocalcudaincludethrustdetailbackendfill.inl513   instantiated from void thrustdetailbackenddispatchfillForwardIterator, ForwardIterator, const Tamp, Backend [with ForwardIterator  thrustdetailnormaliteratorltthrustdeviceptrltintgt gt, T  int, Backend  thrustdetailcudadevicespacetag] usrlocalcudaincludethrustdetailbackendfill.inl833   instantiated from void thrustdetailbackendfillForwardIterator, ForwardIterator, const Tamp [with ForwardIterator  thrustdetailnormaliteratorltthrustdeviceptrltintgt gt, T  int] usrlocalcudaincludethrustdetailfill.inl343   instantiated from void thrustfillForwardIterator, ForwardIterator, const Tamp [with ForwardIterator  thrustdetailnormaliteratorltthrustdeviceptrltintgt gt, T  int] homerrobworkspacedicolklmsrcMap.cpp39049   instantiated from here usrlocalcudaincludethrustdetailbackendcudaforeach.inl961 error invalid application of sizeof to incomplete type thrustdetailSTATICASSERTIONFAILUREltfalsegt  usrlocalcudaincludethrustdetailbackendcudaforeach.inl In function RandomAccessIterator thrustdetailbackendcudaforeachnRandomAccessIterator, Size, UnaryFunction [with RandomAccessIterator  thrustdeviceptrltintgt, Size  long int, UnaryFunction  thrustdetaildevicegeneratefunctorltthrustdetailfillfunctorltintgt gt] usrlocalcudaincludethrustdetailbackendforeach.inl5663   instantiated from OutputIterator thrustdetailbackenddispatchforeachnOutputIterator, Size, UnaryFunction, thrustdetailcudadevicespacetag [with OutputIterator  thrustdeviceptrltintgt, Size  long int, UnaryFunction  thrustdetaildevicegeneratefunctorltthrustdetailfillfunctorltintgt gt] usrlocalcudaincludethrustdetailbackendforeach.inl12662   instantiated from OutputIterator thrustdetailbackendforeachnOutputIterator, Size, UnaryFunction [with OutputIterator  thrustdeviceptrltintgt, Size  long int, UnaryFunction  thrustdetaildevicegeneratefunctorltthrustdetailfillfunctorltintgt gt] usrlocalcudaincludethrustdetailbackendgenericforeach.inl3684   instantiated from InputIterator thrustdetailbackendgenericforeachInputIterator, InputIterator, UnaryFunction [with InputIterator  thrustdeviceptrltintgt, UnaryFunction  thrustdetaildevicegeneratefunctorltthrustdetailfillfunctorltintgt gt] usrlocalcudaincludethrustdetailbackendforeach.inl9167   instantiated from InputIterator thrustdetailbackenddispatchforeachInputIterator, InputIterator, UnaryFunction, Space [with InputIterator  thrustdeviceptrltintgt, UnaryFunction  thrustdetaildevicegeneratefunctorltthrustdetailfillfunctorltintgt gt, Space  thrustdetailcudadevicespacetag] usrlocalcudaincludethrustdetailbackendforeach.inl13661   instantiated from InputIterator thrustdetailbackendforeachInputIterator, InputIterator, UnaryFunction [with InputIterator  thrustdeviceptrltintgt, UnaryFunction  thrustdetaildevicegeneratefunctorltthrustdetailfillfunctorltintgt gt] usrlocalcudaincludethrustdetailforeach.inl4858   [ skipping 7 instantiation contexts ] usrlocalcudaincludethrustdetailbackendfill.inl9360   instantiated from OutputIterator thrustdetailbackendfillnOutputIterator, Size, const Tamp [with OutputIterator  thrustdetailnormaliteratorltthrustdeviceptrltintgt gt, Size  long int, T  int] usrlocalcudaincludethrustdetailbackendgenericfill.h513   instantiated from void thrustdetailbackendgenericfillForwardIterator, ForwardIterator, const Tamp [with ForwardIterator  thrustdetailnormaliteratorltthrustdeviceptrltintgt gt, T  int] usrlocalcudaincludethrustdetailbackendfill.inl513   instantiated from void thrustdetailbackenddispatchfillForwardIterator, ForwardIterator, const Tamp, Backend [with ForwardIterator  thrustdetailnormaliteratorltthrustdeviceptrltintgt gt, T  int, Backend  thrustdetailcudadevicespacetag] usrlocalcudaincludethrustdetailbackendfill.inl833   instantiated from void thrustdetailbackendfillForwardIterator, ForwardIterator, const Tamp [with ForwardIterator  thrustdetailnormaliteratorltthrustdeviceptrltintgt gt, T  int] usrlocalcudaincludethrustdetailfill.inl343   instantiated from void thrustfillForwardIterator, ForwardIterator, const Tamp [with ForwardIterator  thrustdetailnormaliteratorltthrustdeviceptrltintgt gt, T  int] homerrobworkspacedicolklmsrcMap.cpp39049   instantiated from here usrlocalcudaincludethrustdetailbackendcudaforeach.inl961 error invalid application of sizeof to incomplete type thrustdetailSTATICASSERTIONFAILUREltfalsegt  usrlocalcudaincludethrustdetailbackendcudaforeach.inl In function RandomAccessIterator thrustdetailbackendcudaforeachnRandomAccessIterator, Size, UnaryFunction [with RandomAccessIterator  thrustdeviceptrltunsigned intgt, Size  long int, UnaryFunction  thrustdetaildevicegeneratefunctorltthrustdetailfillfunctorltunsigned intgt gt] usrlocalcudaincludethrustdetailbackendforeach.inl5663   instantiated from OutputIterator thrustdetailbackenddispatchforeachnOutputIterator, Size, UnaryFunction, thrustdetailcudadevicespacetag [with OutputIterator  thrustdeviceptrltunsigned intgt, Size  long int, UnaryFunction  thrustdetaildevicegeneratefunctorltthrustdetailfillfunctorltunsigned intgt gt] usrlocalcudaincludethrustdetailbackendforeach.inl12662   instantiated from OutputIterator thrustdetailbackendforeachnOutputIterator, Size, UnaryFunction [with OutputIterator  thrustdeviceptrltunsigned intgt, Size  long int, UnaryFunction  thrustdetaildevicegeneratefunctorltthrustdetailfillfunctorltunsigned intgt gt] usrlocalcudaincludethrustdetailbackendgenericforeach.inl3684   instantiated from InputIterator thrustdetailbackendgenericforeachInputIterator, InputIterator, UnaryFunction [with InputIterator  thrustdeviceptrltunsigned intgt, UnaryFunction  thrustdetaildevicegeneratefunctorltthrustdetailfillfunctorltunsigned intgt gt] usrlocalcudaincludethrustdetailbackendforeach.inl9167   instantiated from InputIterator thrustdetailbackenddispatchforeachInputIterator, InputIterator, UnaryFunction, Space [with InputIterator  thrustdeviceptrltunsigned intgt, UnaryFunction  thrustdetaildevicegeneratefunctorltthrustdetailfillfunctorltunsigned intgt gt, Space  thrustdetailcudadevicespacetag] usrlocalcudaincludethrustdetailbackendforeach.inl13661   instantiated from InputIterator thrustdetailbackendforeachInputIterator, InputIterator, UnaryFunction [with InputIterator  thrustdeviceptrltunsigned intgt, UnaryFunction  thrustdetaildevicegeneratefunctorltthrustdetailfillfunctorltunsigned intgt gt] usrlocalcudaincludethrustdetailforeach.inl4858   [ skipping 7 instantiation contexts ] usrlocalcudaincludethrustdetailbackendfill.inl9360   instantiated from OutputIterator thrustdetailbackendfillnOutputIterator, Size, const Tamp [with OutputIterator  thrustdetailnormaliteratorltthrustdeviceptrltintgt gt, Size  long int, T  int] usrlocalcudaincludethrustdetailbackendgenericfill.h513   instantiated from void thrustdetailbackendgenericfillForwardIterator, ForwardIterator, const Tamp [with ForwardIterator  thrustdetailnormaliteratorltthrustdeviceptrltintgt gt, T  int] usrlocalcudaincludethrustdetailbackendfill.inl513   instantiated from void thrustdetailbackenddispatchfillForwardIterator, ForwardIterator, const Tamp, Backend [with ForwardIterator  thrustdetailnormaliteratorltthrustdeviceptrltintgt gt, T  int, Backend  thrustdetailcudadevicespacetag] usrlocalcudaincludethrustdetailbackendfill.inl833   instantiated from void thrustdetailbackendfillForwardIterator, ForwardIterator, const Tamp [with ForwardIterator  thrustdetailnormaliteratorltthrustdeviceptrltintgt gt, T  int] usrlocalcudaincludethrustdetailfill.inl343   instantiated from void thrustfillForwardIterator, ForwardIterator, const Tamp [with ForwardIterator  thrustdetailnormaliteratorltthrustdeviceptrltintgt gt, T  int] homerrobworkspacedicolklmsrcMap.cpp39049   instantiated from here usrlocalcudaincludethrustdetailbackendcudaforeach.inl961 error invalid application of sizeof to incomplete type thrustdetailSTATICASSERTIONFAILUREltfalsegt  usrlocalcudaincludethrustdetailbackendcudaforeach.inl In function RandomAccessIterator thrustdetailbackendcudaforeachnRandomAccessIterator, Size, UnaryFunction [with RandomAccessIterator  thrustdeviceptrltlong long unsigned intgt, Size  long int, UnaryFunction  thrustdetaildevicegeneratefunctorltthrustdetailfillfunctorltlong long unsigned intgt gt] usrlocalcudaincludethrustdetailbackendforeach.inl5663   instantiated from OutputIterator thrustdetailbackenddispatchforeachnOutputIterator, Size, UnaryFunction, thrustdetailcudadevicespacetag [with OutputIterator  thrustdeviceptrltlong long unsigned intgt, Size  long int, UnaryFunction  thrustdetaildevicegeneratefunctorltthrustdetailfillfunctorltlong long unsigned intgt gt] usrlocalcudaincludethrustdetailbackendforeach.inl12662   instantiated from OutputIterator thrustdetailbackendforeachnOutputIterator, Size, UnaryFunction [with OutputIterator  thrustdeviceptrltlong long unsigned intgt, Size  long int, UnaryFunction  thrustdetaildevicegeneratefunctorltthrustdetailfillfunctorltlong long unsigned intgt gt] usrlocalcudaincludethrustdetailbackendgenericforeach.inl3684   instantiated from InputIterator thrustdetailbackendgenericforeachInputIterator, InputIterator, UnaryFunction [with InputIterator  thrustdeviceptrltlong long unsigned intgt, UnaryFunction  thrustdetaildevicegeneratefunctorltthrustdetailfillfunctorltlong long unsigned intgt gt] usrlocalcudaincludethrustdetailbackendforeach.inl9167   instantiated from InputIterator thrustdetailbackenddispatchforeachInputIterator, InputIterator, UnaryFunction, Space [with InputIterator  thrustdeviceptrltlong long unsigned intgt, UnaryFunction  thrustdetaildevicegeneratefunctorltthrustdetailfillfunctorltlong long unsigned intgt gt, Space  thrustdetailcudadevicespacetag] usrlocalcudaincludethrustdetailbackendforeach.inl13661   instantiated from InputIterator thrustdetailbackendforeachInputIterator, InputIterator, UnaryFunction [with InputIterator  thrustdeviceptrltlong long unsigned intgt, UnaryFunction  thrustdetaildevicegeneratefunctorltthrustdetailfillfunctorltlong long unsigned intgt gt] usrlocalcudaincludethrustdetailforeach.inl4858   [ skipping 7 instantiation contexts ] usrlocalcudaincludethrustdetailbackendfill.inl9360   instantiated from OutputIterator thrustdetailbackendfillnOutputIterator, Size, const Tamp [with OutputIterator  thrustdetailnormaliteratorltthrustdeviceptrltintgt gt, Size  long int, T  int] usrlocalcudaincludethrustdetailbackendgenericfill.h513   instantiated from void thrustdetailbackendgenericfillForwardIterator, ForwardIterator, const Tamp [with ForwardIterator  thrustdetailnormaliteratorltthrustdeviceptrltintgt gt, T  int] usrlocalcudaincludethrustdetailbackendfill.inl513   instantiated from void thrustdetailbackenddispatchfillForwardIterator, ForwardIterator, const Tamp, Backend [with ForwardIterator  thrustdetailnormaliteratorltthrustdeviceptrltintgt gt, T  int, Backend  thrustdetailcudadevicespacetag] usrlocalcudaincludethrustdetailbackendfill.inl833   instantiated from void thrustdetailbackendfillForwardIterator, ForwardIterator, const Tamp [with ForwardIterator  thrustdetailnormaliteratorltthrustdeviceptrltintgt gt, T  int] usrlocalcudaincludethrustdetailfill.inl343   instantiated from void thrustfillForwardIterator, ForwardIterator, const Tamp [with ForwardIterator  thrustdetailnormaliteratorltthrustdeviceptrltintgt gt, T  int] homerrobworkspacedicolklmsrcMap.cpp39049   instantiated from here usrlocalcudaincludethrustdetailbackendcudaforeach.inl961 error invalid application of sizeof to incomplete type thrustdetailSTATICASSERTIONFAILUREltfalsegt  usrlocalcudaincludethrustdetailbackendcudaarch.h At global scope usrlocalcudaincludethrustdetailbackendcudaarch.h9015 warning inline function sizet thrustdetailbackendcudaarchcomputecapability used but never defined make[2]  [CMakeFilesMap.dirMap.cpp.o] Error 1 make[1]  [CMakeFilesMap.dirall] Error 2 make  [all] Error 2 codepre
Negative 359 pI am preparing a presentation in Japanese and would like the titles and legend names of my images to be in Japanese. I can get the text to render just fine in RStudio but when the image is rendered the Japanese characters just appear as boxes.  p  precodex1010 yxx dfdata.framex,y ggplotdf, aesx,y  geomline  ggtitle codepre  pimg srchttpi.stack.imgur.comAJvBJ.png altenter image description herep  pThank you.p
Negative 359 pIm having a tough time figuring out how to instantiate a 2D array of pointer objects. Here is how Im doing itp  precodePieces chessBoard[9][9] codepre  pWhen I want to set it to an actual object pointer, Im doing the followingp  precodechessBoard[1][1]  new Rookp1Rook codepre  pRook is a class that inherits attributes from the Pieces class and p1Rook is a char variable set to R. This class also implements virtual functions not pure virtual from Pieces such as move or getPiece that are unique to the particular chess piece. However, when I compile my program, I get the following errorp  precodeChessBoard.cpp69 error expected typespecifier before Rook ChessBoard.cpp69 error cannot convert int to Pieces in assignment codepre  pCan someone please explain what I should change to get rid of this rather annoying persistent error I would appreciate it.p
Negative 359 pHere is what Im trying to dop  precodeisPrime  Int gt Bool isPrime x  all y gt x mod y  0 [3, 5..floorsqrt x] codepre  pI know Im not checking for division by twoplease ignore that. Heres what I getp  precodeNo instance for Floating Int   arising from a use of sqrt Possible fix add an instance declaration for Floating Int In the first argument of floor, namely sqrt x In the expression floor sqrt x In the second argument of all, namely [3, 5 .. floor sqrt x] codepre  pIve spent literally hours trying everything I can think of to make this list using some variant of sqrt, including nonsense likep  precodeintSqrt  Int gt Int intSqrt x  floor sqrt x  0.0 codepre  pIt seems that sqrt 500 works fine but sqrt x insists on x being a Floating why, and there is no function I can find to convert an Int to a real why.p  pI dont want a method to test primality, I want to understand how to fix this. Why is this so hardp
Negative 359 pI want to get MySQL working with the system Python 2.7 in Mac OS X Lion.p  pI know there are a lot of questions very similar to this out there, and in fact my symptom is identical to a hrefhttpstackoverflow.comquestions7335853mysqlpythoninstallationproblemsonmacosxlionmysqlpython installation problems on mac os x liona.  However, that answer doesnt seem to apply to my case.p  pMy Mac is a current MacBook Pro running the 64bit kernelp  precode uname a  Darwin LeosMacBookPro.local 11.2.0 Darwin Kernel Version 11.2.0 Tue Aug  9 205400 PDT 2011 rootxnu1699.24.81RELEASEX8664 x8664 codepre  pThe stock python on Lion is a fat binaryp  precode file usrbinpython usrbinpython MachO universal binary with 2 architectures usrbinpython for architecture x8664  MachO 64bit executable x8664 usrbinpython for architecture i386    MachO executable i386 codepre  pI had used Migration Assistant so my system had an old installation of MySQL on it.  I used the instructions at a hrefhttpstackoverflow.comquestions1431823howtoremoveinstallationofmysqlonmacosxHow to remove Installation of MySQL on Mac OS Xa to remove the old MySQL installation.p  pMySQL 64bit 5.5.19 was installed from the .dmg on the MySQL site.  As usual, this placed the client library in codeusrlocalmysqllibcode.  The client library appears to be exactly what we wantp  precode file usrlocalmysqlliblibmysqlclient.18.dylib usrlocalmysqlliblibmysqlclient.18.dylib MachO 64bit dynamically linked shared library x8664 codepre  pHowever, that shared library cant be loaded into python Im using the codearchcode command to make absolutely sure Im running the 64bit image although the result is the same with or without thatp  precode arch x8664 python Python 2.7.1 r27186832, Jul 31 2011, 193053  [GCC 4.2.1 Based on Apple Inc. build 5658 LLVM build 2335.15.00] on darwin Type help, copyright, credits or license for more information. gtgtgt from ctypes import cdll gtgtgt cdll.LoadLibraryusrlocalmysqlliblibmysqlclient.18.dylib Traceback most recent call last   File ltstdingt, line 1, in ltmodulegt   File SystemLibraryFrameworksPython.frameworkVersions2.7libpython2.7ctypesinit.py, line 431, in LoadLibrary     return self.dlltypename   File SystemLibraryFrameworksPython.frameworkVersions2.7libpython2.7ctypesinit.py, line 353, in init     self.handle  dlopenself.name, mode OSError dlopenusrlocalmysqlliblibmysqlclient.18.dylib, 6 no suitable image found.      Did find     usrlocalmysqlliblibmysqlclient.18.dylib macho, but wrong architecture     usrlocalmysqlliblibmysqlclient.18.dylib macho, but wrong architecture codepre  pI can reproduce this problem many other ways, notably by using the standard codeimport MySQLdbcode Im showing the ctypes way of reproducing the bug specifically because I was trying to figure out whether the problem was in mysqlpython or in the MySQL client library. From the above, it seems to be the client library.  However, Im baffled as to why the loader thinks the client library is the wrong architecture.p  pIn trying to see whether its some dependent library thats the problem, I checked the dependencies in codelibmysqlclient.18.dylibcodep  precode otool L usrlocalmysqlliblibmysqlclient.18.dylib usrlocalmysqlliblibmysqlclient.18.dylib libmysqlclient.18.dylib compatibility version 18.0.0, current version 18.0.0 usrliblibSystem.B.dylib compatibility version 1.0.0, current version 125.0.1 codepre  pAnd of course codeusrliblibSystemB.dylibcode is a fat binary as expectedp  precode file usrliblibSystem.B.dylib  usrliblibSystem.B.dylib MachO universal binary with 2 architectures usrliblibSystem.B.dylib for architecture x8664   MachO 64bit dynamically linked shared library x8664 usrliblibSystem.B.dylib for architecture i386 MachO dynamically linked shared library i386 codepre  pSo... Python is 64bit, the mysqlclient library is 64bit, and the dependent libraries are all 64bit... Any guesses as to why the loader is refusing the import the library would be very welcome.p  pJust for the beltandsuspenders checking that everythings 64bityp  precode python c import platform print platform.platform Darwin11.2.0x8664i38664bit  ls l usrlocalmysql lrwxrxrx  1 root  wheel  27 Dec 10 1652 usrlocalmysql gt mysql5.5.19osx10.6x8664 codepre  pAt this point, since I need to actually get some work done, Im going to try switching to a hrefhttpsgithub.competehuntPyMySQL relnofollowpymysqla.  This is mostly for use with Django, for which theres a convenient way to swap pymysql in documented at the bottom of a hrefhttpgroups.google.comgroupdjangousersbrowsethreadthreadcbef429d014c1ad9 relnofollowthis threada.p  pP.S.  I understand macports and cant use it on this system.p
Negative 359 pOK, Im using GET DATA to pull data using an ODBC connection. Im going to use production facility to repeatedly automate the data pull, and Id like to do it YTD.p  pCurrently, including this is the part of the SQL subcommand I manipulate to change the date rangep  precodebetween 09032014 120000 AM and 09022015 115959 PM codepre  pSo far, Ive gotten this to work the samep  precodebetween 09032015 120000 AM and CURDATE   115959 PM codepre  pHowever, Im going to set up to run so I need it to be YTD ending on the previous to the day it runs. So, that would look like thisp  precodebetween fn CONVERT  fn DATESUB fn CURDATE, INTERVAL 365 DAY , SQLCHAR     120000 AM and fn CONVERT  fn DATESUB fn CURDATE, INTERVAL 1 DAY , SQLCHAR     115959 PM codepre  pThe error Im getting says this p  blockquote   pSQLExecDirect failed [Microsoft][ODBC SQL Server Driver][SQL Server]Incorrect syntax near 365.p blockquote  pI cant for the life of me figure out how to format 365 differently. If I just have a date typed in for the beginning of the date range, I get the same error for the 1 on the end.p  pEDIT Update, so the question has been posed if this is MySQL or SQL Server my apologies, I have little to know experience and didnt know the difference initially. However, it seems to be both in a couple ways.p  pAs you can see in the error I posted above, it references Microsoft sql server. Also, the documentation from SPSS the program Im working in references a hrefhttpsmsdn.microsoft.comenuslibraryms711813VS.85.aspx relnofollowthis MS sitea for functions to use, but those seem to be mysql.p  pAlso, when I use this version of the script using sql server functions, I get an error saying GetDate isnt a recognized function. If I switch that to CURDATE, then DATADD is the problem.p  precodefn CONVERT  fn DATEADDday,1, fn GETDATE  , SQLCHAR      120000 AM and fn CONVERT  fn DATEADDyear,01, fn GETDATE  , SQLCHAR      115959 PM codepre  pIf I trim out the curly brackets and such, and stick with SQL server functions, this gives me an error for incorrect syntax near ,p  precodeCONVERTDATEADDyear,1,GETDATE, SQLCHAR    120000 AM and CONVERTDATEADDday,1,GETDATE, SQLCHAR    115959 PM codepre
Negative 359 pIm trying to make an update query, Ive added codeHoliday IDcode,codeHoliday Namecode, and codeCostcode to the query and am trying to find a way to set the criteria for Holiday Name to select Thanksgiving, Christmas, and New Years. I thought it would be simply p  pcode[Holiday Name]Thanksgiving Christmas New Yearscode p  pbut that didnt turn out very well. Any and all help is much appreciated.p
Negative 359 pI am implementing remote validation in Registration and Login . my model property isp  precode[RegularExpression[AZaz09.][AZaz09.].[AZaz]2,4, ErrorMessage   Invalid ] [RemoteValidateUserId, Registration] public String UserID  get set  codepre  pControllerp  precode public JsonResult ValidateUserIdstring UserID              var Count  ObjDbRegistration.TblLogin.Wherec gt c.UserID  UserID           if Count.Count gt 0                      return Json User Already Exists, JsonRequestBehavior.AllowGet                  return Jsontrue, JsonRequestBehavior.AllowGet      codepre  pthis is validating Existing user at signup page at the same time Login page also .  my requirement is not to validate in Login page.p  pThanks p
Negative 359 pBelow code  p  precodeimport java.util.ArrayList import java.util.List import java.util.concurrent.Callable import java.util.concurrent.ExecutionException import java.util.concurrent.ExecutorService import java.util.concurrent.Executors import java.util.concurrent.Future  public class ThreadTest       private static int counter  0      private static ExecutorService executorService  Executors.newCachedThreadPool     private static ListltIntegergt intValues  new ArrayListltIntegergt      public static void mainString args[]         forint counter  0 counter lt 10 counter             intValues.addtestCallback                   forint i  intValues             System.out.printlni                   System.exit0           public static Integer testCallback           FutureltIntegergt result  executorService.submitnew CallableltIntegergt              public Integer call throws Exception                  counter  1                 Thread.sleep500                 return counter                                try              return result.get          catch InterruptedException e              e.printStackTrace          catch ExecutionException e              e.printStackTrace                   return null       codepre  pOutputs  p  precode1 2 3 4 5 6 7 8 9 10 codepre  pThis program takes approx 5 seconds to run. I am trying to execute multiple invocations of testCallback method in a seperate thread so I would expect this method to run in 10 threads concurrently where each thread uses approx 500 miliseconds of time. So over all I expet the program to run in lt 1 second.p  pWhy is counter not being invoked in seperate threads concurrently p
