<p>I have a 1.1.7 spring-boot app using Gradle 1.10 &amp; jdk1.8.  I use Groovy/Spock for testing It has two dependencies - jars build with Apache Maven 3.1.1 and jdk 1.8.  I build the jars and them copy them into the /lib directory.  Then I try and build with "gradle clean build.</p>  <p>Here is part of my gradle file:</p>  <pre><code>apply plugin: 'java' apply plugin: 'groovy' apply plugin: 'idea' apply plugin: 'spring-boot' apply plugin: 'jacoco' apply plugin: 'maven'  project.ext {     springBootVersion = '1.1.7.RELEASE' } dependencies {     compile fileTree(dir: 'libs', include: ['*.jar']) } buildscript {     repositories {         flatDir {             dirs "$rootProject.projectDir/libs"         }         maven { url 'https://oss.sonatype.org/content/repositories/snapshots/' }         maven { url "http://repo.spring.io/libs-milestone" }         maven { url "http://repo.spring.io/libs-snapshot" }         mavenLocal()         mavenCentral()     }     dependencies {         classpath("org.springframework.boot:spring-boot-gradle-plugin:1.2.5.RELEASE")   testCompile('org.spockframework:spock-core:1.0-groovy-2.0') {     exclude group: 'org.codehaus.groovy', module: 'groovy-all' }    testCompile('org.spockframework:spock-spring:1.0-groovy-2.0') {     exclude group: 'org.spockframework', module: 'spock-core'     exclude group: 'org.spockframework', module: 'spring-beans'     exclude group: 'org.spockframework', module: 'spring-test'     exclude group: 'org.codehaus.groovy', module: 'groovy-all' }     testCompile("org.springframework.boot:spring-boot-starter-test:$springBootVersion")     testCompile('org.codehaus.groovy.modules.http-builder:http-builder:0.7+')     testCompile("junit:junit")     } }  jacocoTestReport {     group = "Reporting"     description = "Generate Jacoco coverage reports after running tests." }  task wrapper(type: Wrapper) {     gradleVersion = '1.11' } </code></pre>  <p>Regardless of building in from command line or IntelliJ I get the following error:</p>  <pre><code>Executing org.gradle.api.internal.tasks.compile.ApiGroovyCompiler@5474aad4 in compiler daemon. Exception executing org.gradle.api.internal.tasks.compile.ApiGroovyCompiler@5474aad4 in compiler daemon: BUG! exception in phase 'semantic analysis' in source unit '/Users/David/projects/.../controller/AboutControllerTest.groovy' sun.reflect.annotation.TypeNotPresentExceptionProxy. :compileTestGroovy FAILED </code></pre>  <p>Here is the stacktrace:</p>  <pre><code>org.gradle.api.tasks.TaskExecutionException: Execution failed for task ':compileTestGroovy'.         at org.gradle.api.internal.tasks.execution.ExecuteActionsTaskExecuter.executeActions(ExecuteActionsTaskExecuter.java:69)         at org.gradle.api.internal.tasks.execution.ExecuteActionsTaskExecuter.execute(ExecuteActionsTaskExecuter.java:46)         at org.gradle.api.internal.tasks.execution.PostExecutionAnalysisTaskExecuter.execute(PostExecutionAnalysisTaskExecuter.java:35)         at org.gradle.api.internal.tasks.execution.SkipUpToDateTaskExecuter.execute(SkipUpToDateTaskExecuter.java:64)         at org.gradle.api.internal.tasks.execution.ValidatingTaskExecuter.execute(ValidatingTaskExecuter.java:58)         at org.gradle.api.internal.tasks.execution.SkipEmptySourceFilesTaskExecuter.execute(SkipEmptySourceFilesTaskExecuter.java:52)         at org.gradle.api.internal.tasks.execution.SkipTaskWithNoActionsExecuter.execute(SkipTaskWithNoActionsExecuter.java:52)         at org.gradle.api.internal.tasks.execution.SkipOnlyIfTaskExecuter.execute(SkipOnlyIfTaskExecuter.java:53)         at org.gradle.api.internal.tasks.execution.ExecuteAtMostOnceTaskExecuter.execute(ExecuteAtMostOnceTaskExecuter.java:43)         at org.gradle.execution.taskgraph.DefaultTaskGraphExecuter$EventFiringTaskWorker.execute(DefaultTaskGraphExecuter.java:203)         at org.gradle.execution.taskgraph.DefaultTaskGraphExecuter$EventFiringTaskWorker.execute(DefaultTaskGraphExecuter.java:185)         at org.gradle.execution.taskgraph.AbstractTaskPlanExecutor$TaskExecutorWorker.processTask(AbstractTaskPlanExecutor.java:62)         at org.gradle.execution.taskgraph.AbstractTaskPlanExecutor$TaskExecutorWorker.run(AbstractTaskPlanExecutor.java:50)         at org.gradle.execution.taskgraph.DefaultTaskPlanExecutor.process(DefaultTaskPlanExecutor.java:25)         at org.gradle.execution.taskgraph.DefaultTaskGraphExecuter.execute(DefaultTaskGraphExecuter.java:110)         at org.gradle.execution.SelectedTaskExecutionAction.execute(SelectedTaskExecutionAction.java:37)         at org.gradle.execution.DefaultBuildExecuter.execute(DefaultBuildExecuter.java:37)         at org.gradle.execution.DefaultBuildExecuter.access$000(DefaultBuildExecuter.java:23)         at org.gradle.execution.DefaultBuildExecuter$1.proceed(DefaultBuildExecuter.java:43)         at org.gradle.execution.DryRunBuildExecutionAction.execute(DryRunBuildExecutionAction.java:32)         at org.gradle.execution.DefaultBuildExecuter.execute(DefaultBuildExecuter.java:37)         at org.gradle.execution.DefaultBuildExecuter.execute(DefaultBuildExecuter.java:30)         at org.gradle.initialization.DefaultGradleLauncher$4.run(DefaultGradleLauncher.java:158)         at org.gradle.internal.Factories$1.create(Factories.java:22)         at org.gradle.internal.progress.DefaultBuildOperationExecutor.run(DefaultBuildOperationExecutor.java:90)         at org.gradle.internal.progress.DefaultBuildOperationExecutor.run(DefaultBuildOperationExecutor.java:52)         at org.gradle.initialization.DefaultGradleLauncher.doBuildStages(DefaultGradleLauncher.java:155)         at org.gradle.initialization.DefaultGradleLauncher.access$200(DefaultGradleLauncher.java:36)         at org.gradle.initialization.DefaultGradleLauncher$1.create(DefaultGradleLauncher.java:103)         at org.gradle.initialization.DefaultGradleLauncher$1.create(DefaultGradleLauncher.java:97)         at org.gradle.internal.progress.DefaultBuildOperationExecutor.run(DefaultBuildOperationExecutor.java:90)         at org.gradle.internal.progress.DefaultBuildOperationExecutor.run(DefaultBuildOperationExecutor.java:62)         at org.gradle.initialization.DefaultGradleLauncher.doBuild(DefaultGradleLauncher.java:97)         at org.gradle.initialization.DefaultGradleLauncher.run(DefaultGradleLauncher.java:86)         at org.gradle.launcher.exec.InProcessBuildActionExecuter$DefaultBuildController.run(InProcessBuildActionExecuter.java:102)         at org.gradle.tooling.internal.provider.ExecuteBuildActionRunner.run(ExecuteBuildActionRunner.java:28)         at org.gradle.launcher.exec.ChainingBuildActionRunner.run(ChainingBuildActionRunner.java:35)         at org.gradle.launcher.exec.InProcessBuildActionExecuter.execute(InProcessBuildActionExecuter.java:47)         at org.gradle.launcher.exec.InProcessBuildActionExecuter.execute(InProcessBuildActionExecuter.java:32)         at org.gradle.launcher.exec.ContinuousBuildActionExecuter.execute(ContinuousBuildActionExecuter.java:77)         at org.gradle.launcher.exec.ContinuousBuildActionExecuter.execute(ContinuousBuildActionExecuter.java:47)         at org.gradle.launcher.exec.DaemonUsageSuggestingBuildActionExecuter.execute(DaemonUsageSuggestingBuildActionExecuter.java:51)         at org.gradle.launcher.exec.DaemonUsageSuggestingBuildActionExecuter.execute(DaemonUsageSuggestingBuildActionExecuter.java:28)         at org.gradle.launcher.cli.RunBuildAction.run(RunBuildAction.java:43)         at org.gradle.internal.Actions$RunnableActionAdapter.execute(Actions.java:170)         at org.gradle.launcher.cli.CommandLineActionFactory$ParseAndBuildAction.execute(CommandLineActionFactory.java:237)         at org.gradle.launcher.cli.CommandLineActionFactory$ParseAndBuildAction.execute(CommandLineActionFactory.java:210)         at org.gradle.launcher.cli.JavaRuntimeValidationAction.execute(JavaRuntimeValidationAction.java:35)         at org.gradle.launcher.cli.JavaRuntimeValidationAction.execute(JavaRuntimeValidationAction.java:24)         at org.gradle.launcher.cli.CommandLineActionFactory$WithLogging.execute(CommandLineActionFactory.java:206)         at org.gradle.launcher.cli.CommandLineActionFactory$WithLogging.execute(CommandLineActionFactory.java:169)         at org.gradle.launcher.cli.ExceptionReportingAction.execute(ExceptionReportingAction.java:33)         at org.gradle.launcher.cli.ExceptionReportingAction.execute(ExceptionReportingAction.java:22)         at org.gradle.launcher.Main.doAction(Main.java:33)         at org.gradle.launcher.bootstrap.EntryPoint.run(EntryPoint.java:45)         at org.gradle.launcher.bootstrap.ProcessBootstrap.runNoExit(ProcessBootstrap.java:54)         at org.gradle.launcher.bootstrap.ProcessBootstrap.run(ProcessBootstrap.java:35)         at org.gradle.launcher.GradleMain.main(GradleMain.java:23) Caused by: BUG! exception in phase 'semantic analysis' in source unit '/Users/David/projects/.../src/test/groovy/.../controller/AboutControllerTest.groovy' sun.reflect.annotation.TypeNotPresentExceptionProxy         at org.gradle.api.internal.tasks.compile.ApiGroovyCompiler.execute(ApiGroovyCompiler.java:152)         at org.gradle.api.internal.tasks.compile.ApiGroovyCompiler.execute(ApiGroovyCompiler.java:51)         at org.gradle.api.internal.tasks.compile.daemon.CompilerDaemonServer.execute(CompilerDaemonServer.java:53)         at org.gradle.messaging.dispatch.ReflectionDispatch.dispatch(ReflectionDispatch.java:35)         at org.gradle.messaging.dispatch.ReflectionDispatch.dispatch(ReflectionDispatch.java:24)         at org.gradle.messaging.remote.internal.hub.MessageHub$Handler.run(MessageHub.java:360)         at org.gradle.internal.concurrent.ExecutorPolicy$CatchAndRecordFailures.onExecute(ExecutorPolicy.java:54)         at org.gradle.internal.concurrent.StoppableExecutorImpl$1.run(StoppableExecutorImpl.java:40) Caused by: java.lang.ArrayStoreException: sun.reflect.annotation.TypeNotPresentExceptionProxy         ... 8 more </code></pre>  <p>There is nothing wrong with that, or any other test, as it has not changed in months.  In fact, the problem seems to have started when I added the two jar files to the project.  However, I have not been able to find an answer to this particular error message anywhere.</p>