<p>When I add the configurations for <a href="https://developers.google.com/analytics/devguides/collection/android/v4/" rel="nofollow">google analytics</a> to my Android project and build the project I get the following error:</p>  <pre><code>:app:transformClassesWithDexForDebug UNEXPECTED TOP-LEVEL EXCEPTION: com.android.dex.DexException: Multiple dex files define Ljavax/inject/Inject;     at com.android.dx.merge.DexMerger.readSortableTypes(DexMerger.java:596)     at com.android.dx.merge.DexMerger.getSortedTypes(DexMerger.java:554)     at com.android.dx.merge.DexMerger.mergeClassDefs(DexMerger.java:535)     at com.android.dx.merge.DexMerger.mergeDexes(DexMerger.java:171)     at com.android.dx.merge.DexMerger.merge(DexMerger.java:189)     at com.android.dx.command.dexer.Main.mergeLibraryDexBuffers(Main.java:502)     at com.android.dx.command.dexer.Main.runMonoDex(Main.java:334)     at com.android.dx.command.dexer.Main.run(Main.java:277)     at com.android.dx.command.dexer.Main.main(Main.java:245)     at com.android.dx.command.Main.main(Main.java:106)  FAILURE: Build failed with an exception.  * What went wrong: Execution failed for task ':app:transformClassesWithDexForDebug'. &gt; com.android.build.transform.api.TransformException: com.android.ide.common.process.ProcessException: org.gradle.process.internal.ExecException: Process 'command '/Library/Java/JavaVirtualMachines/jdk1.7.0_79.jdk/Contents/Home/bin/java'' finished with non-zero exit value 2  * Try: Run with --info or --debug option to get more log output.  * Exception is: org.gradle.api.tasks.TaskExecutionException: Execution failed for task ':app:transformClassesWithDexForDebug'.     at org.gradle.api.internal.tasks.execution.ExecuteActionsTaskExecuter.executeActions(ExecuteActionsTaskExecuter.java:69)     at org.gradle.api.internal.tasks.execution.ExecuteActionsTaskExecuter.execute(ExecuteActionsTaskExecuter.java:46)     at org.gradle.api.internal.tasks.execution.PostExecutionAnalysisTaskExecuter.execute(PostExecutionAnalysisTaskExecuter.java:35)     at org.gradle.api.internal.tasks.execution.SkipUpToDateTaskExecuter.execute(SkipUpToDateTaskExecuter.java:64)     at org.gradle.api.internal.tasks.execution.ValidatingTaskExecuter.execute(ValidatingTaskExecuter.java:58)     at org.gradle.api.internal.tasks.execution.SkipEmptySourceFilesTaskExecuter.execute(SkipEmptySourceFilesTaskExecuter.java:42)     at org.gradle.api.internal.tasks.execution.SkipTaskWithNoActionsExecuter.execute(SkipTaskWithNoActionsExecuter.java:52)     at org.gradle.api.internal.tasks.execution.SkipOnlyIfTaskExecuter.execute(SkipOnlyIfTaskExecuter.java:53)     at org.gradle.api.internal.tasks.execution.ExecuteAtMostOnceTaskExecuter.execute(ExecuteAtMostOnceTaskExecuter.java:43)     at org.gradle.api.internal.AbstractTask.executeWithoutThrowingTaskFailure(AbstractTask.java:310)     at org.gradle.execution.taskgraph.AbstractTaskPlanExecutor$TaskExecutorWorker.executeTask(AbstractTaskPlanExecutor.java:79)     at org.gradle.execution.taskgraph.AbstractTaskPlanExecutor$TaskExecutorWorker.processTask(AbstractTaskPlanExecutor.java:63)     at org.gradle.execution.taskgraph.AbstractTaskPlanExecutor$TaskExecutorWorker.run(AbstractTaskPlanExecutor.java:51)     at org.gradle.execution.taskgraph.DefaultTaskPlanExecutor.process(DefaultTaskPlanExecutor.java:23)     at org.gradle.execution.taskgraph.DefaultTaskGraphExecuter.execute(DefaultTaskGraphExecuter.java:88)     at org.gradle.execution.SelectedTaskExecutionAction.execute(SelectedTaskExecutionAction.java:37)     at org.gradle.execution.DefaultBuildExecuter.execute(DefaultBuildExecuter.java:62)     at org.gradle.execution.DefaultBuildExecuter.access$200(DefaultBuildExecuter.java:23)     at org.gradle.execution.DefaultBuildExecuter$2.proceed(DefaultBuildExecuter.java:68)     at org.gradle.execution.DryRunBuildExecutionAction.execute(DryRunBuildExecutionAction.java:32)     at org.gradle.execution.DefaultBuildExecuter.execute(DefaultBuildExecuter.java:62)     at org.gradle.execution.DefaultBuildExecuter.execute(DefaultBuildExecuter.java:55)     at org.gradle.initialization.DefaultGradleLauncher.doBuildStages(DefaultGradleLauncher.java:149)     at org.gradle.initialization.DefaultGradleLauncher.doBuild(DefaultGradleLauncher.java:106)     at org.gradle.initialization.DefaultGradleLauncher.run(DefaultGradleLauncher.java:86)     at org.gradle.launcher.exec.InProcessBuildActionExecuter$DefaultBuildController.run(InProcessBuildActionExecuter.java:90)     at org.gradle.tooling.internal.provider.runner.BuildModelActionRunner.run(BuildModelActionRunner.java:54)     at org.gradle.launcher.exec.ChainingBuildActionRunner.run(ChainingBuildActionRunner.java:35)     at org.gradle.launcher.exec.InProcessBuildActionExecuter.execute(InProcessBuildActionExecuter.java:41)     at org.gradle.launcher.exec.InProcessBuildActionExecuter.execute(InProcessBuildActionExecuter.java:28)     at org.gradle.launcher.daemon.server.exec.ExecuteBuild.doBuild(ExecuteBuild.java:49)     at org.gradle.launcher.daemon.server.exec.BuildCommandOnly.execute(BuildCommandOnly.java:36)     at org.gradle.launcher.daemon.server.api.DaemonCommandExecution.proceed(DaemonCommandExecution.java:120)     at org.gradle.launcher.daemon.server.exec.WatchForDisconnection.execute(WatchForDisconnection.java:37)     at org.gradle.launcher.daemon.server.api.DaemonCommandExecution.proceed(DaemonCommandExecution.java:120)     at org.gradle.launcher.daemon.server.exec.ResetDeprecationLogger.execute(ResetDeprecationLogger.java:26)     at org.gradle.launcher.daemon.server.api.DaemonCommandExecution.proceed(DaemonCommandExecution.java:120)     at org.gradle.launcher.daemon.server.exec.RequestStopIfSingleUsedDaemon.execute(RequestStopIfSingleUsedDaemon.java:34)     at org.gradle.launcher.daemon.server.api.DaemonCommandExecution.proceed(DaemonCommandExecution.java:120)     at org.gradle.launcher.daemon.server.exec.ForwardClientInput$2.call(ForwardClientInput.java:74)     at org.gradle.launcher.daemon.server.exec.ForwardClientInput$2.call(ForwardClientInput.java:72)     at org.gradle.util.Swapper.swap(Swapper.java:38)     at org.gradle.launcher.daemon.server.exec.ForwardClientInput.execute(ForwardClientInput.java:72)     at org.gradle.launcher.daemon.server.api.DaemonCommandExecution.proceed(DaemonCommandExecution.java:120)     at org.gradle.launcher.daemon.server.health.DaemonHealthTracker.execute(DaemonHealthTracker.java:47)     at org.gradle.launcher.daemon.server.api.DaemonCommandExecution.proceed(DaemonCommandExecution.java:120)     at org.gradle.launcher.daemon.server.exec.LogToClient.doBuild(LogToClient.java:66)     at org.gradle.launcher.daemon.server.exec.BuildCommandOnly.execute(BuildCommandOnly.java:36)     at org.gradle.launcher.daemon.server.api.DaemonCommandExecution.proceed(DaemonCommandExecution.java:120)     at org.gradle.launcher.daemon.server.exec.EstablishBuildEnvironment.doBuild(EstablishBuildEnvironment.java:71)     at org.gradle.launcher.daemon.server.exec.BuildCommandOnly.execute(BuildCommandOnly.java:36)     at org.gradle.launcher.daemon.server.api.DaemonCommandExecution.proceed(DaemonCommandExecution.java:120)     at org.gradle.launcher.daemon.server.health.HintGCAfterBuild.execute(HintGCAfterBuild.java:41)     at org.gradle.launcher.daemon.server.api.DaemonCommandExecution.proceed(DaemonCommandExecution.java:120)     at org.gradle.launcher.daemon.server.exec.StartBuildOrRespondWithBusy$1.run(StartBuildOrRespondWithBusy.java:50)     at org.gradle.launcher.daemon.server.DaemonStateCoordinator$1.run(DaemonStateCoordinator.java:246)     at org.gradle.internal.concurrent.ExecutorPolicy$CatchAndRecordFailures.onExecute(ExecutorPolicy.java:54)     at org.gradle.internal.concurrent.StoppableExecutorImpl$1.run(StoppableExecutorImpl.java:40) Caused by: org.gradle.internal.UncheckedException: com.android.build.transform.api.TransformException: com.android.ide.common.process.ProcessException: org.gradle.process.internal.ExecException: Process 'command '/Library/Java/JavaVirtualMachines/jdk1.7.0_79.jdk/Contents/Home/bin/java'' finished with non-zero exit value 2     at org.gradle.internal.UncheckedException.throwAsUncheckedException(UncheckedException.java:45)     at org.gradle.internal.reflect.JavaMethod.invoke(JavaMethod.java:78)     at org.gradle.api.internal.project.taskfactory.AnnotationProcessingTaskFactory$IncrementalTaskAction.doExecute(AnnotationProcessingTaskFactory.java:243)     at org.gradle.api.internal.project.taskfactory.AnnotationProcessingTaskFactory$StandardTaskAction.execute(AnnotationProcessingTaskFactory.java:219)     at org.gradle.api.internal.project.taskfactory.AnnotationProcessingTaskFactory$IncrementalTaskAction.execute(AnnotationProcessingTaskFactory.java:230)     at org.gradle.api.internal.project.taskfactory.AnnotationProcessingTaskFactory$StandardTaskAction.execute(AnnotationProcessingTaskFactory.java:208)     at org.gradle.api.internal.tasks.execution.ExecuteActionsTaskExecuter.executeAction(ExecuteActionsTaskExecuter.java:80)     at org.gradle.api.internal.tasks.execution.ExecuteActionsTaskExecuter.executeActions(ExecuteActionsTaskExecuter.java:61)     ... 57 more Caused by: com.android.build.transform.api.TransformException: com.android.ide.common.process.ProcessException: org.gradle.process.internal.ExecException: Process 'command '/Library/Java/JavaVirtualMachines/jdk1.7.0_79.jdk/Contents/Home/bin/java'' finished with non-zero exit value 2     at com.android.build.gradle.internal.transforms.DexTransform.transform(DexTransform.java:411)     at com.android.build.gradle.internal.pipeline.TransformTask.transform(TransformTask.java:112)     at org.gradle.internal.reflect.JavaMethod.invoke(JavaMethod.java:75)     ... 63 more Caused by: com.android.ide.common.process.ProcessException: org.gradle.process.internal.ExecException: Process 'command '/Library/Java/JavaVirtualMachines/jdk1.7.0_79.jdk/Contents/Home/bin/java'' finished with non-zero exit value 2     at com.android.build.gradle.internal.process.GradleProcessResult.assertNormalExitValue(GradleProcessResult.java:42)     at com.android.builder.core.AndroidBuilder.convertByteCode(AndroidBuilder.java:1325)     at com.android.build.gradle.internal.transforms.DexTransform.transform(DexTransform.java:396)     ... 65 more Caused by: org.gradle.process.internal.ExecException: Process 'command '/Library/Java/JavaVirtualMachines/jdk1.7.0_79.jdk/Contents/Home/bin/java'' finished with non-zero exit value 2     at org.gradle.process.internal.DefaultExecHandle$ExecResultImpl.assertNormalExitValue(DefaultExecHandle.java:365)     at com.android.build.gradle.internal.process.GradleProcessResult.assertNormalExitValue(GradleProcessResult.java:40)     ... 67 more </code></pre>  <p><strong>What does this mean and how can I prevent this error?</strong></p>