<p>I'm trying to compile this very simple JUnit test on my Windows 10 box:</p>  <pre><code>import static org.junit.Assert.assertTrue; import org.junit.Test;  public class TestHelloWorld {     @Test     public void BasicTest ()     {         assertTrue(true);     } } </code></pre>  <p>However, this seemingly innocuous task has proven impervious to three to four hours of research and trial and error.</p>  <p>From a Cygwin terminal I see this:</p>  <pre><code>javac -cp lib/hamcrest-core-1.3.jar:/lib/junit-4.12.jar:. TestHe TestHelloWorld.java:1: error: package org.junit does not exist import static org.junit.Assert.assertTrue;                        ^ TestHelloWorld.java:1: error: static import only from classes and interfaces import static org.junit.Assert.assertTrue; ^ TestHelloWorld.java:2: error: package org.junit does not exist import org.junit.Test;                 ^ TestHelloWorld.java:6: error: cannot find symbol         @Test          ^   symbol:   class Test   location: class TestHelloWorld TestHelloWorld.java:9: error: cannot find symbol                 assertTrue(true);                 ^   symbol:   method assertTrue(boolean)   location: class TestHelloWorld 5 errors </code></pre>  <p>and from a CMD prompt I see this:</p>  <pre><code>javac -cp C:\Users\canon\Documents\GitHub\cse1341\AssignmentTester\lib\junit.jar TestHelloWorld.java error: error reading C:\Users\canon\Documents\GitHub\cse1341\AssignmentTester\lib\junit.jar; error in opening zip file 1 error </code></pre>  <p>I honestly have no idea what I'm doing incorrectly here. I've always been on a *nix machine before, where I don't recall having any problems compiling JUnit tests when I pass in the junit and hamcrest jars to the class path using the -cp flag. Any ideas or guidance here would be much appreciated!</p>