<p>Trying to install virtualenvwrapper-powershell but having following error:</p>  <pre><code>chown() missing 1 required positional argument: 'numeric_owner'  </code></pre>  <p>I got it after reading this article: </p>  <blockquote>   <p><a href="https://bitbucket.org/guillermooo/virtualenvwrapper-powershell/issues/5/cant-install-package-with-python3-and-pip" rel="nofollow">https://bitbucket.org/guillermooo/virtualenvwrapper-powershell/issues/5/cant-install-package-with-python3-and-pip</a></p> </blockquote>  <p>(actually i had a problem described in it) Guy named Alexander Zonov suggested:</p>  <blockquote>   <p>We have solution already. Download virtualenvwrapper-powershell Find   file setup.py Change problem string to this one TOKEN_READ =   0x00020000 | 0x0008 Use "python setup.py install" command to install   virtualenvwrapper-powershell</p> </blockquote>  <p>And after i've done i got my error:</p>  <pre><code>Traceback (most recent call last):   File "C:\Python35\virtualenvwrapper-powershell-12.7.8\distribute_setup.py", line 143, in use_setuptools     raise ImportError ImportError  During handling of the above exception, another exception occurred:  Traceback (most recent call last):   File "setup.py", line 11, in &lt;module&gt;     distribute_setup.use_setuptools()   File "C:\Python35\virtualenvwrapper-powershell-12.7.8\distribute_setup.py", line 145, in use_setuptools     return _do_download(version, download_base, to_dir, download_delay)   File "C:\Python35\virtualenvwrapper-powershell-12.7.8\distribute_setup.py", line 125, in _do_download      _build_egg(egg, tarball, to_dir)   File "C:\Python35\virtualenvwrapper-powershell-12.7.8\distribute_setup.py", line 99, in _build_egg     _extractall(tar)   File "C:\Python35\virtualenvwrapper-powershell-12.7.8\distribute_setup.py", line 459, in _extractall     self.chown(tarinfo, dirpath) TypeError: chown() missing 1 required positional argument: 'numeric_owner' </code></pre>  <p>Any hints how may I solve this issue?</p>