<p>I have a Mule project that generates the following compile error:</p>  <pre><code>    ------------------------------------------------------------- [ERROR] COMPILATION ERROR :  [INFO] ------------------------------------------------------------- [ERROR] /G:/git/edx-client-service/edx_client/src/test/java/test/RestTestBase.java:[21,30] package org.mule.module.client does not exist [INFO] 1 error [INFO] ------------------------------------------------------------- [INFO] ------------------------------------------------------------------------ [INFO] BUILD FAILURE [INFO] ------------------------------------------------------------------------ [INFO] Total time: 4.633 s [INFO] Finished at: 2015-09-18T15:23:08-06:00 [INFO] Final Memory: 37M/88M [INFO] ------------------------------------------------------------------------ [ERROR] Failed to execute goal org.apache.maven.plugins:maven-compiler-plugin:3.3:testCompile (default-testCompile) on project edx_client: Compilation failure [ERROR] /G:/git/edx-client-service/edx_client/src/test/java/test/RestTestBase.java:[21,30] package org.mule.module.client does not exist </code></pre>  <p>I have tried to exclude test package in my pom.xml file to get around this issue:</p>  <pre><code>           &lt;plugin&gt;                 &lt;groupId&gt;org.apache.maven.plugins&lt;/groupId&gt;                 &lt;artifactId&gt;maven-compiler-plugin&lt;/artifactId&gt;                 &lt;configuration&gt;                     &lt;excludes&gt;                         &lt;exclude&gt;**/src/test/*&lt;/exclude&gt;                     &lt;/excludes&gt;                 &lt;/configuration&gt;             &lt;/plugin&gt; </code></pre>  <p>This does not work. I have googled for any ideas to no avail. Any ideas what I need to do or look next?</p>